<?xml version="1.0" encoding="UTF-8"?>
<!-- Generated by org.testng.reporters.JUnitReportReporter -->
<testsuite hostname="BLRLTBC4JG32" name="tests.SellItemsTest" tests="1" failures="0" timestamp="8 Jun 2015 08:41:16 GMT" time="0.000" errors="1">
  <testcase name="testSellingBooks" time="0.000" classname="tests.SellItemsTest"/>
</testsuite>
