<?xml version="1.0" encoding="UTF-8"?>
<!-- Generated by org.testng.reporters.JUnitReportReporter -->
<testsuite hostname="BLRLTBC4JG32" name="tests.LoginTest" tests="2" failures="0" timestamp="8 Jun 2015 08:41:16 GMT" time="0.002" errors="0">
  <testcase name="testLogin" time="0.001" classname="tests.LoginTest"/>
  <testcase name="testRegister" time="0.001" classname="tests.LoginTest"/>
</testsuite>
